[2025-12-18 16:07:41,564: INFO: main: Welcome to our kidney classification projection]
[2025-12-19 07:49:02,695: INFO: common: yaml file: config\config.yaml loaded successfully]
[2025-12-19 07:49:02,723: INFO: common: yaml file: params.yaml loaded successfully]
[2025-12-19 07:49:37,382: INFO: common: yaml file: config\config.yaml loaded successfully]
[2025-12-19 07:49:37,388: INFO: common: yaml file: params.yaml loaded successfully]
[2025-12-19 07:50:41,457: INFO: common: yaml file: config\config.yaml loaded successfully]
[2025-12-19 07:50:41,707: INFO: common: yaml file: params.yaml loaded successfully]
[2025-12-19 07:50:41,712: INFO: common: created directory at : artifacts]
[2025-12-19 07:50:41,715: INFO: common: created directory at : artifacts/data_ingestion]
[2025-12-19 07:50:41,718: INFO: 3377620688: downloading data from 1_wHDPchQbw4-huJUvVadvM9BW5y-KZ8u into file artifacts/data_ingestion/data.zip]
[2025-12-19 17:17:36,786: INFO: common: yaml file: config\config.yaml loaded successfully]
[2025-12-19 17:17:36,924: INFO: common: yaml file: params.yaml loaded successfully]
[2025-12-19 17:17:36,945: INFO: common: created directory at : artifacts]
[2025-12-19 17:17:38,026: INFO: common: created directory at : artifacts/prepare_base_model/densenet121]
[2025-12-19 17:19:32,345: INFO: common: yaml file: config\config.yaml loaded successfully]
[2025-12-19 17:19:32,478: INFO: common: yaml file: params.yaml loaded successfully]
[2025-12-19 17:19:32,481: INFO: common: created directory at : artifacts]
[2025-12-19 17:19:32,500: INFO: common: created directory at : artifacts/prepare_base_model/densenet121]
[2025-12-19 17:19:55,995: INFO: common: yaml file: config\config.yaml loaded successfully]
[2025-12-19 17:19:56,011: INFO: common: yaml file: params.yaml loaded successfully]
[2025-12-19 17:19:56,019: INFO: common: created directory at : artifacts]
[2025-12-19 17:19:56,049: INFO: common: created directory at : artifacts/prepare_base_model/densenet121]
[2025-12-19 17:20:51,385: INFO: common: yaml file: config\config.yaml loaded successfully]
[2025-12-19 17:20:51,409: INFO: common: yaml file: params.yaml loaded successfully]
[2025-12-19 17:20:51,415: INFO: common: created directory at : artifacts]
[2025-12-19 17:20:51,445: INFO: common: created directory at : artifacts/prepare_base_model/densenet121]
[2025-12-19 17:25:22,005: INFO: common: yaml file: config\config.yaml loaded successfully]
[2025-12-19 17:25:22,021: INFO: common: yaml file: params.yaml loaded successfully]
[2025-12-19 17:25:22,026: INFO: common: created directory at : artifacts]
[2025-12-19 17:25:22,041: INFO: common: created directory at : artifacts/prepare_base_model/densenet121]
[2025-12-19 17:28:02,244: INFO: common: yaml file: config\config.yaml loaded successfully]
[2025-12-19 17:28:02,283: INFO: common: yaml file: params.yaml loaded successfully]
[2025-12-19 17:28:02,296: INFO: common: created directory at : artifacts]
[2025-12-19 17:28:04,276: INFO: common: created directory at : artifacts/prepare_base_model/densenet121]
[2025-12-19 17:28:13,580: INFO: common: yaml file: config\config.yaml loaded successfully]
[2025-12-19 17:28:13,601: INFO: common: yaml file: params.yaml loaded successfully]
[2025-12-19 17:28:13,606: INFO: common: created directory at : artifacts]
[2025-12-19 17:28:13,622: INFO: common: created directory at : artifacts/prepare_base_model/densenet121]
[2025-12-19 17:28:25,412: INFO: common: yaml file: config\config.yaml loaded successfully]
[2025-12-19 17:28:25,435: INFO: common: yaml file: params.yaml loaded successfully]
[2025-12-19 17:28:25,451: INFO: common: created directory at : artifacts]
[2025-12-19 17:28:25,473: INFO: common: created directory at : artifacts/prepare_base_model/densenet121]
[2025-12-19 17:31:08,273: INFO: common: yaml file: config\config.yaml loaded successfully]
[2025-12-19 17:31:08,304: INFO: common: yaml file: params.yaml loaded successfully]
[2025-12-19 17:31:08,320: INFO: common: created directory at : artifacts]
[2025-12-19 17:31:08,543: INFO: common: created directory at : artifacts/prepare_base_model/densenet121]
[2025-12-19 17:31:34,337: WARNING: saving_utils: Compiled the loaded model, but the compiled metrics have yet to be built. `model.compile_metrics` will be empty until you train or evaluate the model.]
[2025-12-19 17:31:45,329: INFO: common: created directory at : artifacts/prepare_base_model/resnet50]
[2025-12-19 17:32:32,530: WARNING: saving_utils: Compiled the loaded model, but the compiled metrics have yet to be built. `model.compile_metrics` will be empty until you train or evaluate the model.]
[2025-12-19 17:32:38,068: INFO: common: created directory at : artifacts/prepare_base_model/efficientnetb0]
[2025-12-19 17:32:55,459: WARNING: saving_utils: Compiled the loaded model, but the compiled metrics have yet to be built. `model.compile_metrics` will be empty until you train or evaluate the model.]
[2025-12-19 17:37:05,286: INFO: common: yaml file: config\config.yaml loaded successfully]
[2025-12-19 17:37:05,338: INFO: common: yaml file: params.yaml loaded successfully]
[2025-12-19 17:37:05,351: INFO: common: created directory at : artifacts]
[2025-12-19 17:37:06,644: INFO: common: created directory at : artifacts/prepare_base_model/densenet121]
[2025-12-19 17:37:20,314: WARNING: saving_utils: Compiled the loaded model, but the compiled metrics have yet to be built. `model.compile_metrics` will be empty until you train or evaluate the model.]
[2025-12-19 17:37:29,173: INFO: common: created directory at : artifacts/prepare_base_model/resnet50]
[2025-12-19 17:37:37,938: WARNING: saving_utils: Compiled the loaded model, but the compiled metrics have yet to be built. `model.compile_metrics` will be empty until you train or evaluate the model.]
[2025-12-19 17:37:47,890: INFO: common: created directory at : artifacts/prepare_base_model/efficientnetb0]
[2025-12-19 17:37:58,419: WARNING: saving_utils: Compiled the loaded model, but the compiled metrics have yet to be built. `model.compile_metrics` will be empty until you train or evaluate the model.]
[2025-12-19 18:08:33,050: INFO: common: yaml file: config\config.yaml loaded successfully]
[2025-12-19 18:08:33,112: INFO: common: yaml file: params.yaml loaded successfully]
[2025-12-19 18:08:33,137: INFO: common: created directory at : artifacts]
[2025-12-19 18:08:34,447: INFO: common: created directory at : artifacts/prepare_base_model/densenet121]
[2025-12-19 18:08:47,268: WARNING: saving_utils: Compiled the loaded model, but the compiled metrics have yet to be built. `model.compile_metrics` will be empty until you train or evaluate the model.]
[2025-12-19 18:08:56,937: INFO: common: created directory at : artifacts/prepare_base_model/resnet50]
[2025-12-19 18:09:01,655: WARNING: saving_utils: Compiled the loaded model, but the compiled metrics have yet to be built. `model.compile_metrics` will be empty until you train or evaluate the model.]
[2025-12-19 18:09:07,039: INFO: common: created directory at : artifacts/prepare_base_model/efficientnetb0]
[2025-12-19 18:09:27,552: WARNING: saving_utils: Compiled the loaded model, but the compiled metrics have yet to be built. `model.compile_metrics` will be empty until you train or evaluate the model.]
[2025-12-19 18:19:20,985: INFO: common: yaml file: config\config.yaml loaded successfully]
[2025-12-19 18:19:21,054: INFO: common: yaml file: params.yaml loaded successfully]
[2025-12-19 18:19:21,083: INFO: common: created directory at : artifacts]
[2025-12-19 18:19:22,677: INFO: common: created directory at : artifacts/prepare_base_model/densenet121]
[2025-12-19 18:19:36,626: WARNING: saving_utils: Compiled the loaded model, but the compiled metrics have yet to be built. `model.compile_metrics` will be empty until you train or evaluate the model.]
[2025-12-19 18:19:48,531: INFO: common: created directory at : artifacts/prepare_base_model/resnet50]
[2025-12-19 18:19:58,670: WARNING: saving_utils: Compiled the loaded model, but the compiled metrics have yet to be built. `model.compile_metrics` will be empty until you train or evaluate the model.]
[2025-12-19 18:20:04,293: INFO: common: created directory at : artifacts/prepare_base_model/efficientnetb0]
[2025-12-19 18:20:13,433: WARNING: saving_utils: Compiled the loaded model, but the compiled metrics have yet to be built. `model.compile_metrics` will be empty until you train or evaluate the model.]
[2025-12-19 18:20:13,688: INFO: 2163477170: Failed to process efficientnetb0: Unable to serialize [2.0896919 2.1128857 2.1081853] to JSON. Unrecognized type <class 'tensorflow.python.framework.ops.EagerTensor'>.]
[2025-12-19 18:30:04,546: INFO: common: yaml file: config\config.yaml loaded successfully]
[2025-12-19 18:30:04,652: INFO: common: yaml file: params.yaml loaded successfully]
[2025-12-19 18:30:04,682: INFO: common: created directory at : artifacts]
[2025-12-19 18:30:06,551: INFO: common: created directory at : artifacts/prepare_base_model/densenet121]
[2025-12-19 18:30:28,339: WARNING: saving_utils: Compiled the loaded model, but the compiled metrics have yet to be built. `model.compile_metrics` will be empty until you train or evaluate the model.]
[2025-12-19 18:30:39,208: INFO: common: created directory at : artifacts/prepare_base_model/resnet50]
[2025-12-19 18:30:42,850: WARNING: saving_utils: Compiled the loaded model, but the compiled metrics have yet to be built. `model.compile_metrics` will be empty until you train or evaluate the model.]
[2025-12-19 18:30:48,809: INFO: common: created directory at : artifacts/prepare_base_model/efficientnetb0]
[2025-12-19 18:31:00,620: WARNING: saving_utils: Compiled the loaded model, but the compiled metrics have yet to be built. `model.compile_metrics` will be empty until you train or evaluate the model.]
[2025-12-19 18:31:01,187: INFO: 2325118291: Failed to process efficientnetb0: Unable to serialize [2.0896919 2.1128857 2.1081853] to JSON. Unrecognized type <class 'tensorflow.python.framework.ops.EagerTensor'>.]
[2025-12-20 09:08:41,101: INFO: common: yaml file: config\config.yaml loaded successfully]
[2025-12-20 09:08:41,157: INFO: common: yaml file: params.yaml loaded successfully]
[2025-12-20 09:08:41,162: INFO: common: created directory at : artifacts]
[2025-12-20 09:08:41,166: INFO: common: created directory at : artifacts/data_ingestion]
[2025-12-20 09:08:41,171: INFO: 2883134549: downloading data from https://drive.google.com/file/d/1_wHDPchQbw4-huJUvVadvM9BW5y-KZ8u/view?usp=drive_link into file artifacts/data_ingestion/data.zip]
